Arguments: 
  /Users/rchristian/.nvm/versions/node/v10.16.3/bin/node /Users/rchristian/.nvm/versions/node/v10.16.3/bin/yarn add -D @types/jest jest ts-jest typescript

PATH: 
  /opt/local/bin:/opt/local/sbin:/Users/rchristian:/Users/rchristian/bin:/Users/rchristian/.pyenv:/Users/rchristian/.pyenv/shims:/Users/rchristian/.yarn/bin:/Users/rchristian/.config/yarn/global/node_modules/.bin:/Users/rchristian/.nvm/versions/node/v10.16.3/bin:/usr/local/bin:/usr/bin:/bin:/usr/sbin:/sbin:/Users/rchristian/.rvm/bin:/Users/rchristian/go/bin:/Users/rchristian/.cargo/bin

Yarn version: 
  1.21.1

Node version: 
  10.16.3

Platform: 
  darwin x64

Trace: 
  Error: getaddrinfo ENOTFOUND registry.yarnpkg.com registry.yarnpkg.com:443
      at GetAddrInfoReqWrap.onlookup [as oncomplete] (dns.js:56:26)

npm manifest: 
  {
    "name": "orddict",
    "version": "1.0.0",
    "main": "index.js",
    "license": "MIT"
  }

yarn manifest: 
  No manifest

Lockfile: 
  No lockfile
